# JRE version: Java(TM) SE Runtime Environment (8.0_111-b14) (build 1.8.0_111-b14)
# Java VM: Java HotSpot(TM) 64-Bit Server VM (25.111-b14 mixed mode windows-amd64 compressed oops)
Heap:
 PSYoungGen      total 38400K, used 5602K [0x00000000d5980000, 0x00000000d9880000, 0x0000000100000000)
  eden space 29184K, 4% used [0x00000000d5980000,0x00000000d5aa50c8,0x00000000d7600000)
  from space 9216K, 48% used [0x00000000d7600000,0x00000000d7a53ae0,0x00000000d7f00000)
  to   space 8704K, 0% used [0x00000000d9000000,0x00000000d9000000,0x00000000d9880000)
 ParOldGen       total 55808K, used 7568K [0x0000000080c00000, 0x0000000084280000, 0x00000000d5980000)
  object space 55808K, 13% used [0x0000000080c00000,0x00000000813641f8,0x0000000084280000)
 Metaspace       used 23853K, capacity 24996K, committed 25088K, reserved 1071104K
  class space    used 3256K, capacity 3520K, committed 3584K, reserved 1048576K
GC Heap History (10 events):
Event: 0.940 GC heap after
Heap after GC invocations=3 (full 0):
 PSYoungGen      total 38400K, used 5114K [0x00000000d5980000, 0x00000000d8400000, 0x0000000100000000)
  eden space 33280K, 0% used [0x00000000d5980000,0x00000000d5980000,0x00000000d7a00000)
  from space 5120K, 99% used [0x00000000d7a00000,0x00000000d7efe970,0x00000000d7f00000)
  to   space 5120K, 0% used [0x00000000d7f00000,0x00000000d7f00000,0x00000000d8400000)
 ParOldGen       total 87552K, used 2639K [0x0000000080c00000, 0x0000000086180000, 0x00000000d5980000)
  object space 87552K, 3% used [0x0000000080c00000,0x0000000080e93e58,0x0000000086180000)
 Metaspace       used 16577K, capacity 17160K, committed 17536K, reserved 1064960K
  class space    used 2176K, capacity 2332K, committed 2432K, reserved 1048576K
}
Event: 1.031 GC heap before
{Heap before GC invocations=4 (full 0):
 PSYoungGen      total 38400K, used 38394K [0x00000000d5980000, 0x00000000d8400000, 0x0000000100000000)
  eden space 33280K, 100% used [0x00000000d5980000,0x00000000d7a00000,0x00000000d7a00000)
  from space 5120K, 99% used [0x00000000d7a00000,0x00000000d7efe970,0x00000000d7f00000)
  to   space 5120K, 0% used [0x00000000d7f00000,0x00000000d7f00000,0x00000000d8400000)
 ParOldGen       total 87552K, used 2639K [0x0000000080c00000, 0x0000000086180000, 0x00000000d5980000)
  object space 87552K, 3% used [0x0000000080c00000,0x0000000080e93e58,0x0000000086180000)
 Metaspace       used 17917K, capacity 18636K, committed 18816K, reserved 1064960K
  class space    used 2429K, capacity 2598K, committed 2688K, reserved 1048576K
Event: 1.036 GC heap after
Heap after GC invocations=4 (full 0):
 PSYoungGen      total 38400K, used 5110K [0x00000000d5980000, 0x00000000d8400000, 0x0000000100000000)
  eden space 33280K, 0% used [0x00000000d5980000,0x00000000d5980000,0x00000000d7a00000)
  from space 5120K, 99% used [0x00000000d7f00000,0x00000000d83fd8e8,0x00000000d8400000)
  to   space 5120K, 0% used [0x00000000d7a00000,0x00000000d7a00000,0x00000000d7f00000)
 ParOldGen       total 87552K, used 4042K [0x0000000080c00000, 0x0000000086180000, 0x00000000d5980000)
  object space 87552K, 4% used [0x0000000080c00000,0x0000000080ff2bc0,0x0000000086180000)
 Metaspace       used 17917K, capacity 18636K, committed 18816K, reserved 1064960K
  class space    used 2429K, capacity 2598K, committed 2688K, reserved 1048576K
}
Event: 1.143 GC heap before
{Heap before GC invocations=5 (full 0):
 PSYoungGen      total 38400K, used 34915K [0x00000000d5980000, 0x00000000d8400000, 0x0000000100000000)
  eden space 33280K, 89% used [0x00000000d5980000,0x00000000d769b420,0x00000000d7a00000)
  from space 5120K, 99% used [0x00000000d7f00000,0x00000000d83fd8e8,0x00000000d8400000)
  to   space 5120K, 0% used [0x00000000d7a00000,0x00000000d7a00000,0x00000000d7f00000)
 ParOldGen       total 87552K, used 4042K [0x0000000080c00000, 0x0000000086180000, 0x00000000d5980000)
  object space 87552K, 4% used [0x0000000080c00000,0x0000000080ff2bc0,0x0000000086180000)
 Metaspace       used 20243K, capacity 21086K, committed 21248K, reserved 1067008K
  class space    used 2736K, capacity 2945K, committed 3072K, reserved 1048576K
Event: 1.151 GC heap after
Heap after GC invocations=5 (full 0):
 PSYoungGen      total 38400K, used 5099K [0x00000000d5980000, 0x00000000d8400000, 0x0000000100000000)
  eden space 33280K, 0% used [0x00000000d5980000,0x00000000d5980000,0x00000000d7a00000)
  from space 5120K, 99% used [0x00000000d7a00000,0x00000000d7efad40,0x00000000d7f00000)
  to   space 5120K, 0% used [0x00000000d7f00000,0x00000000d7f00000,0x00000000d8400000)
 ParOldGen       total 87552K, used 6602K [0x0000000080c00000, 0x0000000086180000, 0x00000000d5980000)
  object space 87552K, 7% used [0x0000000080c00000,0x0000000081272938,0x0000000086180000)
 Metaspace       used 20243K, capacity 21086K, committed 21248K, reserved 1067008K
  class space    used 2736K, capacity 2945K, committed 3072K, reserved 1048576K
}
Event: 1.151 GC heap before
{Heap before GC invocations=6 (full 1):
 PSYoungGen      total 38400K, used 5099K [0x00000000d5980000, 0x00000000d8400000, 0x0000000100000000)
  eden space 33280K, 0% used [0x00000000d5980000,0x00000000d5980000,0x00000000d7a00000)
  from space 5120K, 99% used [0x00000000d7a00000,0x00000000d7efad40,0x00000000d7f00000)
  to   space 5120K, 0% used [0x00000000d7f00000,0x00000000d7f00000,0x00000000d8400000)
 ParOldGen       total 87552K, used 6602K [0x0000000080c00000, 0x0000000086180000, 0x00000000d5980000)
  object space 87552K, 7% used [0x0000000080c00000,0x0000000081272938,0x0000000086180000)
 Metaspace       used 20243K, capacity 21086K, committed 21248K, reserved 1067008K
  class space    used 2736K, capacity 2945K, committed 3072K, reserved 1048576K
Event: 1.174 GC heap after
Heap after GC invocations=6 (full 1):
 PSYoungGen      total 38400K, used 0K [0x00000000d5980000, 0x00000000d8400000, 0x0000000100000000)
  eden space 33280K, 0% used [0x00000000d5980000,0x00000000d5980000,0x00000000d7a00000)
  from space 5120K, 0% used [0x00000000d7a00000,0x00000000d7a00000,0x00000000d7f00000)
  to   space 5120K, 0% used [0x00000000d7f00000,0x00000000d7f00000,0x00000000d8400000)
 ParOldGen       total 55808K, used 7552K [0x0000000080c00000, 0x0000000084280000, 0x00000000d5980000)
  object space 55808K, 13% used [0x0000000080c00000,0x00000000813601f8,0x0000000084280000)
 Metaspace       used 20243K, capacity 21086K, committed 21248K, reserved 1067008K
  class space    used 2736K, capacity 2945K, committed 3072K, reserved 1048576K
}
Event: 1.363 GC heap before
{Heap before GC invocations=7 (full 1):
 PSYoungGen      total 38400K, used 33280K [0x00000000d5980000, 0x00000000d8400000, 0x0000000100000000)
  eden space 33280K, 100% used [0x00000000d5980000,0x00000000d7a00000,0x00000000d7a00000)
  from space 5120K, 0% used [0x00000000d7a00000,0x00000000d7a00000,0x00000000d7f00000)
  to   space 5120K, 0% used [0x00000000d7f00000,0x00000000d7f00000,0x00000000d8400000)
 ParOldGen       total 55808K, used 7552K [0x0000000080c00000, 0x0000000084280000, 0x00000000d5980000)
  object space 55808K, 13% used [0x0000000080c00000,0x00000000813601f8,0x0000000084280000)
 Metaspace       used 23040K, capacity 24026K, committed 24192K, reserved 1071104K
  class space    used 3145K, capacity 3403K, committed 3456K, reserved 1048576K
Event: 1.365 GC heap after
Heap after GC invocations=7 (full 1):
 PSYoungGen      total 34304K, used 3705K [0x00000000d5980000, 0x00000000da000000, 0x0000000100000000)
  eden space 29184K, 0% used [0x00000000d5980000,0x00000000d5980000,0x00000000d7600000)
  from space 5120K, 72% used [0x00000000d7f00000,0x00000000d829e658,0x00000000d8400000)
  to   space 9216K, 0% used [0x00000000d7600000,0x00000000d7600000,0x00000000d7f00000)
 ParOldGen       total 55808K, used 7560K [0x0000000080c00000, 0x0000000084280000, 0x00000000d5980000)
  object space 55808K, 13% used [0x0000000080c00000,0x00000000813621f8,0x0000000084280000)
 Metaspace       used 23040K, capacity 24026K, committed 24192K, reserved 1071104K
  class space    used 3145K, capacity 3403K, committed 3456K, reserved 1048576K
}
Event: 1.484 GC heap before
{Heap before GC invocations=8 (full 1):
 PSYoungGen      total 34304K, used 32889K [0x00000000d5980000, 0x00000000da000000, 0x0000000100000000)
  eden space 29184K, 100% used [0x00000000d5980000,0x00000000d7600000,0x00000000d7600000)
  from space 5120K, 72% used [0x00000000d7f00000,0x00000000d829e658,0x00000000d8400000)
  to   space 9216K, 0% used [0x00000000d7600000,0x00000000d7600000,0x00000000d7f00000)
 ParOldGen       total 55808K, used 7560K [0x0000000080c00000, 0x0000000084280000, 0x00000000d5980000)
  object space 55808K, 13% used [0x0000000080c00000,0x00000000813621f8,0x0000000084280000)
 Metaspace       used 23842K, capacity 24900K, committed 25088K, reserved 1071104K
  class space    used 3253K, capacity 3488K, committed 3584K, reserved 1048576K

